Sun Mar 19 01:42:29 UTC 2023
Sat Apr 8 01:17:32 UTC 2023
Sun Apr 9 01:22:46 UTC 2023
Mon Apr 10 01:20:11 UTC 2023
Tue Apr 11 01:20:28 UTC 2023
Wed Apr 12 01:21:05 UTC 2023
Thu Apr 13 01:19:20 UTC 2023
Fri Apr 14 01:20:41 UTC 2023
Sat Apr 15 01:22:46 UTC 2023
Sun Apr 16 01:25:44 UTC 2023
Mon Apr 17 01:22:00 UTC 2023
Tue Apr 18 01:20:29 UTC 2023
Wed Apr 19 01:22:38 UTC 2023
Thu Apr 20 01:19:45 UTC 2023
Fri Apr 21 01:20:40 UTC 2023
Sat Apr 22 01:21:41 UTC 2023
Sun Apr 23 01:37:00 UTC 2023
Mon Apr 24 01:11:42 UTC 2023
Fri Apr 28 01:10:25 UTC 2023
Sat Apr 29 01:09:32 UTC 2023
